info: Found github API key
info: Invalid URL format: 
error: Failed to get license status: AxiosError: Request failed with status code 404
info: Contributors retrieved for cloudinary/cloudinary_npm
info: issues: 30
info: Calculated net-score: 0.87796, for package with URL: https://github.com/cloudinary/cloudinary_npm
info: Metrics score outputted to stdout, URL: https://github.com/cloudinary/cloudinary_npm
info: Found github API key
info: Invalid URL format: 
error: Failed to get license status: AxiosError: Request failed with status code 404
info: Contributors retrieved for cloudinary/cloudinary_npm
info: issues: 30
info: Calculated net-score: 0.87796, for package with URL: https://github.com/cloudinary/cloudinary_npm
info: Metrics score outputted to stdout, URL: https://github.com/cloudinary/cloudinary_npm
info: Found github API key
info: Invalid URL format: 
error: Failed to get license status: AxiosError: Request failed with status code 404
info: Contributors retrieved for cloudinary/cloudinary_npm
info: issues: 30
info: Calculated net-score: 0.87796, for package with URL: https://github.com/cloudinary/cloudinary_npm
info: Metrics score outputted to stdout, URL: https://github.com/cloudinary/cloudinary_npm
info: Found github API key
info: Invalid URL format: 
error: Failed to get license status: AxiosError: Request failed with status code 404
info: Contributors retrieved for cloudinary/cloudinary_npm
info: issues: 30
info: Calculated net-score: 0.87796, for package with URL: https://github.com/cloudinary/cloudinary_npm
info: Metrics score outputted to stdout, URL: https://github.com/cloudinary/cloudinary_npm
info: Found github API key
info: Invalid URL format: 
error: Failed to get license status: AxiosError: Request failed with status code 404
info: Contributors retrieved for cloudinary/cloudinary_npm
info: issues: 30
info: Calculated net-score: 0.87796, for package with URL: https://github.com/cloudinary/cloudinary_npm
info: Metrics score outputted to stdout, URL: https://github.com/cloudinary/cloudinary_npm
info: Found github API key
info: Invalid URL format: 
error: Failed to get license status: AxiosError: Request failed with status code 404
info: Contributors retrieved for cloudinary/cloudinary_npm
info: issues: 30
info: Calculated net-score: 0.87796, for package with URL: https://github.com/cloudinary/cloudinary_npm
info: Metrics score outputted to stdout, URL: https://github.com/cloudinary/cloudinary_npm
info: Found github API key
info: Invalid URL format: 
error: Failed to get license status: AxiosError: Request failed with status code 404
info: Contributors retrieved for cloudinary/cloudinary_npm
info: issues: 30
info: Calculated net-score: 0.87796, for package with URL: https://github.com/cloudinary/cloudinary_npm
info: Metrics score outputted to stdout, URL: https://github.com/cloudinary/cloudinary_npm
info: Found github API key
info: Invalid URL format: 
error: Failed to get license status: AxiosError: Request failed with status code 404
info: Contributors retrieved for cloudinary/cloudinary_npm
info: issues: 30
info: Calculated net-score: 0.87796, for package with URL: https://github.com/cloudinary/cloudinary_npm
info: Metrics score outputted to stdout, URL: https://github.com/cloudinary/cloudinary_npm
info: Found github API key
info: Invalid URL format: 
error: Failed to get license status: AxiosError: Request failed with status code 404
info: Contributors retrieved for cloudinary/cloudinary_npm
info: issues: 30
info: Calculated net-score: 0.87796, for package with URL: https://github.com/cloudinary/cloudinary_npm
info: Metrics score outputted to stdout, URL: https://github.com/cloudinary/cloudinary_npm
info: Found github API key
info: Invalid URL format: 
error: Failed to get license status: AxiosError: Request failed with status code 404
info: Contributors retrieved for cloudinary/cloudinary_npm
info: issues: 30
info: Calculated net-score: 0.87796, for package with URL: https://github.com/cloudinary/cloudinary_npm
info: Metrics score outputted to stdout, URL: https://github.com/cloudinary/cloudinary_npm
info: Found github API key
info: Invalid URL format: 
error: Failed to get license status: AxiosError: Request failed with status code 404
info: Contributors retrieved for cloudinary/cloudinary_npm
info: issues: 30
info: Calculated net-score: 0.87796, for package with URL: https://github.com/cloudinary/cloudinary_npm
info: Metrics score outputted to stdout, URL: https://github.com/cloudinary/cloudinary_npm
info: Found github API key
info: Invalid URL format: 
error: Failed to get license status: AxiosError: Request failed with status code 404
info: Contributors retrieved for cloudinary/cloudinary_npm
info: issues: 30
info: Calculated net-score: 0.87796, for package with URL: https://github.com/cloudinary/cloudinary_npm
info: Metrics score outputted to stdout, URL: https://github.com/cloudinary/cloudinary_npm
info: Found github API key
info: Invalid URL format: 
error: Failed to get license status: AxiosError: Request failed with status code 404
info: Contributors retrieved for cloudinary/cloudinary_npm
info: issues: 30
info: Calculated net-score: 0.87796, for package with URL: https://github.com/cloudinary/cloudinary_npm
info: Metrics score outputted to stdout, URL: https://github.com/cloudinary/cloudinary_npm
